[2016-03-19 18:16:49] bricks_logger.INFO: Matched route "n/a". {"route_parameters":{"_controller":"[object] (Closure: {})","_route":null,"url":"/api/v1/homepage/"},"request_uri":"http://localhost:8080/api/v1/homepage"} []
[2016-03-19 18:16:49] bricks_logger.INFO: Matched route "GET_api_v1_homepage_". {"route_parameters":{"_controller":"[object] (Closure: {})","_route":"GET_api_v1_homepage_"},"request_uri":"http://localhost:8080/api/v1/homepage/"} []
[2016-03-19 18:16:49] bricks_logger.INFO: Matched route "n/a". {"route_parameters":{"_controller":"[object] (Closure: {})","_route":null,"url":"/api/v1/stats/"},"request_uri":"http://localhost:8080/api/v1/stats"} []
[2016-03-19 18:16:49] bricks_logger.INFO: Matched route "GET_api_v1_stats_". {"route_parameters":{"_controller":"[object] (Closure: {})","_route":"GET_api_v1_stats_"},"request_uri":"http://localhost:8080/api/v1/stats/"} []
[2016-03-19 18:16:49] bricks_logger.INFO: Matched route "n/a". {"route_parameters":{"_controller":"[object] (Closure: {})","_route":null,"url":"/api/v1/shops/"},"request_uri":"http://localhost:8080/api/v1/shops"} []
[2016-03-19 18:16:49] bricks_logger.INFO: Matched route "GET_api_v1_shops_". {"route_parameters":{"_controller":"[object] (Closure: {})","_route":"GET_api_v1_shops_"},"request_uri":"http://localhost:8080/api/v1/shops/"} []
[2016-03-19 18:16:49] bricks_logger.INFO: Matched route "n/a". {"route_parameters":{"_controller":"[object] (Closure: {})","_route":null,"url":"/api/v1/insights/"},"request_uri":"http://localhost:8080/api/v1/insights"} []
[2016-03-19 18:16:49] bricks_logger.INFO: Matched route "GET_api_v1_insights_". {"route_parameters":{"_controller":"[object] (Closure: {})","_route":"GET_api_v1_insights_"},"request_uri":"http://localhost:8080/api/v1/insights/"} []
[2016-03-19 18:20:31] bricks_logger.INFO: Matched route "n/a". {"route_parameters":{"_controller":"[object] (Closure: {})","_route":null,"url":"/api/v1/homepage/"},"request_uri":"http://localhost:8080/api/v1/homepage"} []
[2016-03-19 18:20:31] bricks_logger.INFO: Matched route "GET_api_v1_homepage_". {"route_parameters":{"_controller":"[object] (Closure: {})","_route":"GET_api_v1_homepage_"},"request_uri":"http://localhost:8080/api/v1/homepage/"} []
[2016-03-19 18:20:32] bricks_logger.INFO: Matched route "n/a". {"route_parameters":{"_controller":"[object] (Closure: {})","_route":null,"url":"/api/v1/stats/"},"request_uri":"http://localhost:8080/api/v1/stats"} []
[2016-03-19 18:20:32] bricks_logger.INFO: Matched route "GET_api_v1_stats_". {"route_parameters":{"_controller":"[object] (Closure: {})","_route":"GET_api_v1_stats_"},"request_uri":"http://localhost:8080/api/v1/stats/"} []
[2016-03-19 18:20:32] bricks_logger.INFO: Matched route "n/a". {"route_parameters":{"_controller":"[object] (Closure: {})","_route":null,"url":"/api/v1/shops/"},"request_uri":"http://localhost:8080/api/v1/shops"} []
[2016-03-19 18:20:32] bricks_logger.INFO: Matched route "GET_api_v1_shops_". {"route_parameters":{"_controller":"[object] (Closure: {})","_route":"GET_api_v1_shops_"},"request_uri":"http://localhost:8080/api/v1/shops/"} []
[2016-03-19 18:20:32] bricks_logger.INFO: Matched route "n/a". {"route_parameters":{"_controller":"[object] (Closure: {})","_route":null,"url":"/api/v1/insights/"},"request_uri":"http://localhost:8080/api/v1/insights"} []
[2016-03-19 18:20:32] bricks_logger.INFO: Matched route "GET_api_v1_insights_". {"route_parameters":{"_controller":"[object] (Closure: {})","_route":"GET_api_v1_insights_"},"request_uri":"http://localhost:8080/api/v1/insights/"} []
[2016-03-19 18:21:41] bricks_logger.INFO: Matched route "POST_api_v1_set_". {"route_parameters":{"_controller":"[object] (Closure: {})","_route":"POST_api_v1_set_"},"request_uri":"http://localhost:8080/api/v1/set/"} []
[2016-03-19 18:21:41] bricks_logger.INFO: Very first message [] []
[2016-03-19 18:21:41] bricks_logger.INFO: Matched route "POST_api_v1_set_". {"route_parameters":{"_controller":"[object] (Closure: {})","_route":"POST_api_v1_set_"},"request_uri":"http://localhost:8080/api/v1/set/"} []
[2016-03-19 18:21:41] bricks_logger.INFO: Very first message [] []
[2016-03-19 18:21:41] bricks_logger.INFO: Matched route "POST_api_v1_set_". {"route_parameters":{"_controller":"[object] (Closure: {})","_route":"POST_api_v1_set_"},"request_uri":"http://localhost:8080/api/v1/set/"} []
[2016-03-19 18:21:41] bricks_logger.INFO: Very first message [] []
[2016-03-19 18:21:41] bricks_logger.INFO: Matched route "POST_api_v1_shop_". {"route_parameters":{"_controller":"[object] (Closure: {})","_route":"POST_api_v1_shop_"},"request_uri":"http://localhost:8080/api/v1/shop/"} []
[2016-03-19 18:21:41] bricks_logger.INFO: Matched route "POST_api_v1_insight_". {"route_parameters":{"_controller":"[object] (Closure: {})","_route":"POST_api_v1_insight_"},"request_uri":"http://localhost:8080/api/v1/insight/"} []
[2016-03-19 18:22:11] bricks_logger.INFO: Matched route "n/a". {"route_parameters":{"_controller":"[object] (Closure: {})","_route":null,"url":"/api/v1/homepage/"},"request_uri":"http://localhost:8080/api/v1/homepage"} []
[2016-03-19 18:22:11] bricks_logger.INFO: Matched route "GET_api_v1_homepage_". {"route_parameters":{"_controller":"[object] (Closure: {})","_route":"GET_api_v1_homepage_"},"request_uri":"http://localhost:8080/api/v1/homepage/"} []
[2016-03-19 18:22:11] bricks_logger.INFO: Matched route "n/a". {"route_parameters":{"_controller":"[object] (Closure: {})","_route":null,"url":"/api/v1/stats/"},"request_uri":"http://localhost:8080/api/v1/stats"} []
[2016-03-19 18:22:11] bricks_logger.INFO: Matched route "GET_api_v1_stats_". {"route_parameters":{"_controller":"[object] (Closure: {})","_route":"GET_api_v1_stats_"},"request_uri":"http://localhost:8080/api/v1/stats/"} []
[2016-03-19 18:22:11] bricks_logger.INFO: Matched route "n/a". {"route_parameters":{"_controller":"[object] (Closure: {})","_route":null,"url":"/api/v1/shops/"},"request_uri":"http://localhost:8080/api/v1/shops"} []
[2016-03-19 18:22:11] bricks_logger.INFO: Matched route "GET_api_v1_shops_". {"route_parameters":{"_controller":"[object] (Closure: {})","_route":"GET_api_v1_shops_"},"request_uri":"http://localhost:8080/api/v1/shops/"} []
[2016-03-19 18:22:11] bricks_logger.INFO: Matched route "n/a". {"route_parameters":{"_controller":"[object] (Closure: {})","_route":null,"url":"/api/v1/insights/"},"request_uri":"http://localhost:8080/api/v1/insights"} []
[2016-03-19 18:22:11] bricks_logger.INFO: Matched route "GET_api_v1_insights_". {"route_parameters":{"_controller":"[object] (Closure: {})","_route":"GET_api_v1_insights_"},"request_uri":"http://localhost:8080/api/v1/insights/"} []
[2016-03-19 18:22:15] bricks_logger.INFO: Matched route "POST_api_v1_set_". {"route_parameters":{"_controller":"[object] (Closure: {})","_route":"POST_api_v1_set_"},"request_uri":"http://localhost:8080/api/v1/set/"} []
[2016-03-19 18:22:15] bricks_logger.INFO: Very first message [] []
[2016-03-19 18:22:15] bricks_logger.INFO: Matched route "POST_api_v1_set_". {"route_parameters":{"_controller":"[object] (Closure: {})","_route":"POST_api_v1_set_"},"request_uri":"http://localhost:8080/api/v1/set/"} []
[2016-03-19 18:22:15] bricks_logger.INFO: Very first message [] []
[2016-03-19 18:22:15] bricks_logger.INFO: Matched route "POST_api_v1_set_". {"route_parameters":{"_controller":"[object] (Closure: {})","_route":"POST_api_v1_set_"},"request_uri":"http://localhost:8080/api/v1/set/"} []
[2016-03-19 18:22:15] bricks_logger.INFO: Very first message [] []
[2016-03-19 18:22:15] bricks_logger.INFO: Matched route "POST_api_v1_shop_". {"route_parameters":{"_controller":"[object] (Closure: {})","_route":"POST_api_v1_shop_"},"request_uri":"http://localhost:8080/api/v1/shop/"} []
[2016-03-19 18:22:15] bricks_logger.INFO: Matched route "POST_api_v1_insight_". {"route_parameters":{"_controller":"[object] (Closure: {})","_route":"POST_api_v1_insight_"},"request_uri":"http://localhost:8080/api/v1/insight/"} []
[2016-03-19 18:23:51] bricks_logger.INFO: Matched route "n/a". {"route_parameters":{"_controller":"[object] (Closure: {})","_route":null,"url":"/api/v1/homepage/"},"request_uri":"http://localhost:8080/api/v1/homepage"} []
[2016-03-19 18:23:51] bricks_logger.INFO: Matched route "GET_api_v1_homepage_". {"route_parameters":{"_controller":"[object] (Closure: {})","_route":"GET_api_v1_homepage_"},"request_uri":"http://localhost:8080/api/v1/homepage/"} []
[2016-03-19 18:23:51] bricks_logger.INFO: Matched route "n/a". {"route_parameters":{"_controller":"[object] (Closure: {})","_route":null,"url":"/api/v1/stats/"},"request_uri":"http://localhost:8080/api/v1/stats"} []
[2016-03-19 18:23:51] bricks_logger.INFO: Matched route "GET_api_v1_stats_". {"route_parameters":{"_controller":"[object] (Closure: {})","_route":"GET_api_v1_stats_"},"request_uri":"http://localhost:8080/api/v1/stats/"} []
[2016-03-19 18:23:51] bricks_logger.INFO: Matched route "n/a". {"route_parameters":{"_controller":"[object] (Closure: {})","_route":null,"url":"/api/v1/shops/"},"request_uri":"http://localhost:8080/api/v1/shops"} []
[2016-03-19 18:23:51] bricks_logger.INFO: Matched route "GET_api_v1_shops_". {"route_parameters":{"_controller":"[object] (Closure: {})","_route":"GET_api_v1_shops_"},"request_uri":"http://localhost:8080/api/v1/shops/"} []
[2016-03-19 18:23:51] bricks_logger.INFO: Matched route "n/a". {"route_parameters":{"_controller":"[object] (Closure: {})","_route":null,"url":"/api/v1/insights/"},"request_uri":"http://localhost:8080/api/v1/insights"} []
[2016-03-19 18:23:51] bricks_logger.INFO: Matched route "GET_api_v1_insights_". {"route_parameters":{"_controller":"[object] (Closure: {})","_route":"GET_api_v1_insights_"},"request_uri":"http://localhost:8080/api/v1/insights/"} []
[2016-03-19 18:23:55] bricks_logger.INFO: Matched route "POST_api_v1_set_". {"route_parameters":{"_controller":"[object] (Closure: {})","_route":"POST_api_v1_set_"},"request_uri":"http://localhost:8080/api/v1/set/"} []
[2016-03-19 18:23:55] bricks_logger.INFO: Very first message [] []
[2016-03-19 18:23:55] bricks_logger.INFO: Matched route "POST_api_v1_set_". {"route_parameters":{"_controller":"[object] (Closure: {})","_route":"POST_api_v1_set_"},"request_uri":"http://localhost:8080/api/v1/set/"} []
[2016-03-19 18:23:55] bricks_logger.INFO: Very first message [] []
[2016-03-19 18:23:55] bricks_logger.INFO: Matched route "POST_api_v1_set_". {"route_parameters":{"_controller":"[object] (Closure: {})","_route":"POST_api_v1_set_"},"request_uri":"http://localhost:8080/api/v1/set/"} []
[2016-03-19 18:23:55] bricks_logger.INFO: Very first message [] []
[2016-03-19 18:23:55] bricks_logger.INFO: Matched route "POST_api_v1_shop_". {"route_parameters":{"_controller":"[object] (Closure: {})","_route":"POST_api_v1_shop_"},"request_uri":"http://localhost:8080/api/v1/shop/"} []
[2016-03-19 18:23:55] bricks_logger.INFO: Matched route "POST_api_v1_insight_". {"route_parameters":{"_controller":"[object] (Closure: {})","_route":"POST_api_v1_insight_"},"request_uri":"http://localhost:8080/api/v1/insight/"} []
[2016-03-19 18:24:30] bricks_logger.INFO: Matched route "n/a". {"route_parameters":{"_controller":"[object] (Closure: {})","_route":null,"url":"/api/v1/homepage/"},"request_uri":"http://localhost:8080/api/v1/homepage"} []
[2016-03-19 18:24:30] bricks_logger.INFO: Matched route "GET_api_v1_homepage_". {"route_parameters":{"_controller":"[object] (Closure: {})","_route":"GET_api_v1_homepage_"},"request_uri":"http://localhost:8080/api/v1/homepage/"} []
[2016-03-19 18:24:30] bricks_logger.INFO: Matched route "n/a". {"route_parameters":{"_controller":"[object] (Closure: {})","_route":null,"url":"/api/v1/stats/"},"request_uri":"http://localhost:8080/api/v1/stats"} []
[2016-03-19 18:24:30] bricks_logger.INFO: Matched route "GET_api_v1_stats_". {"route_parameters":{"_controller":"[object] (Closure: {})","_route":"GET_api_v1_stats_"},"request_uri":"http://localhost:8080/api/v1/stats/"} []
[2016-03-19 18:24:30] bricks_logger.INFO: Matched route "n/a". {"route_parameters":{"_controller":"[object] (Closure: {})","_route":null,"url":"/api/v1/shops/"},"request_uri":"http://localhost:8080/api/v1/shops"} []
[2016-03-19 18:24:30] bricks_logger.INFO: Matched route "GET_api_v1_shops_". {"route_parameters":{"_controller":"[object] (Closure: {})","_route":"GET_api_v1_shops_"},"request_uri":"http://localhost:8080/api/v1/shops/"} []
[2016-03-19 18:24:30] bricks_logger.INFO: Matched route "n/a". {"route_parameters":{"_controller":"[object] (Closure: {})","_route":null,"url":"/api/v1/insights/"},"request_uri":"http://localhost:8080/api/v1/insights"} []
[2016-03-19 18:24:30] bricks_logger.INFO: Matched route "GET_api_v1_insights_". {"route_parameters":{"_controller":"[object] (Closure: {})","_route":"GET_api_v1_insights_"},"request_uri":"http://localhost:8080/api/v1/insights/"} []
[2016-03-19 18:24:34] bricks_logger.INFO: Matched route "POST_api_v1_set_". {"route_parameters":{"_controller":"[object] (Closure: {})","_route":"POST_api_v1_set_"},"request_uri":"http://localhost:8080/api/v1/set/"} []
[2016-03-19 18:24:34] bricks_logger.INFO: Very first message [] []
[2016-03-19 18:24:34] bricks_logger.INFO: Matched route "POST_api_v1_set_". {"route_parameters":{"_controller":"[object] (Closure: {})","_route":"POST_api_v1_set_"},"request_uri":"http://localhost:8080/api/v1/set/"} []
[2016-03-19 18:24:34] bricks_logger.INFO: Very first message [] []
[2016-03-19 18:24:35] bricks_logger.INFO: Matched route "POST_api_v1_set_". {"route_parameters":{"_controller":"[object] (Closure: {})","_route":"POST_api_v1_set_"},"request_uri":"http://localhost:8080/api/v1/set/"} []
[2016-03-19 18:24:35] bricks_logger.INFO: Very first message [] []
[2016-03-19 18:24:35] bricks_logger.INFO: Matched route "POST_api_v1_shop_". {"route_parameters":{"_controller":"[object] (Closure: {})","_route":"POST_api_v1_shop_"},"request_uri":"http://localhost:8080/api/v1/shop/"} []
[2016-03-19 18:24:35] bricks_logger.INFO: Matched route "POST_api_v1_insight_". {"route_parameters":{"_controller":"[object] (Closure: {})","_route":"POST_api_v1_insight_"},"request_uri":"http://localhost:8080/api/v1/insight/"} []
[2016-03-19 18:26:03] bricks_logger.INFO: Matched route "n/a". {"route_parameters":{"_controller":"[object] (Closure: {})","_route":null,"url":"/api/v1/homepage/"},"request_uri":"http://localhost:8080/api/v1/homepage"} []
[2016-03-19 18:26:03] bricks_logger.INFO: Matched route "GET_api_v1_homepage_". {"route_parameters":{"_controller":"[object] (Closure: {})","_route":"GET_api_v1_homepage_"},"request_uri":"http://localhost:8080/api/v1/homepage/"} []
[2016-03-19 18:26:03] bricks_logger.INFO: Matched route "n/a". {"route_parameters":{"_controller":"[object] (Closure: {})","_route":null,"url":"/api/v1/stats/"},"request_uri":"http://localhost:8080/api/v1/stats"} []
[2016-03-19 18:26:03] bricks_logger.INFO: Matched route "GET_api_v1_stats_". {"route_parameters":{"_controller":"[object] (Closure: {})","_route":"GET_api_v1_stats_"},"request_uri":"http://localhost:8080/api/v1/stats/"} []
[2016-03-19 18:26:04] bricks_logger.INFO: Matched route "n/a". {"route_parameters":{"_controller":"[object] (Closure: {})","_route":null,"url":"/api/v1/shops/"},"request_uri":"http://localhost:8080/api/v1/shops"} []
[2016-03-19 18:26:04] bricks_logger.INFO: Matched route "GET_api_v1_shops_". {"route_parameters":{"_controller":"[object] (Closure: {})","_route":"GET_api_v1_shops_"},"request_uri":"http://localhost:8080/api/v1/shops/"} []
[2016-03-19 18:26:04] bricks_logger.INFO: Matched route "n/a". {"route_parameters":{"_controller":"[object] (Closure: {})","_route":null,"url":"/api/v1/insights/"},"request_uri":"http://localhost:8080/api/v1/insights"} []
[2016-03-19 18:26:04] bricks_logger.INFO: Matched route "GET_api_v1_insights_". {"route_parameters":{"_controller":"[object] (Closure: {})","_route":"GET_api_v1_insights_"},"request_uri":"http://localhost:8080/api/v1/insights/"} []
[2016-03-19 18:26:10] bricks_logger.INFO: Matched route "POST_api_v1_set_". {"route_parameters":{"_controller":"[object] (Closure: {})","_route":"POST_api_v1_set_"},"request_uri":"http://localhost:8080/api/v1/set/"} []
[2016-03-19 18:26:10] bricks_logger.INFO: Very first message [] []
[2016-03-19 18:26:10] bricks_logger.INFO: Matched route "POST_api_v1_set_". {"route_parameters":{"_controller":"[object] (Closure: {})","_route":"POST_api_v1_set_"},"request_uri":"http://localhost:8080/api/v1/set/"} []
[2016-03-19 18:26:10] bricks_logger.INFO: Very first message [] []
[2016-03-19 18:26:10] bricks_logger.INFO: Matched route "POST_api_v1_set_". {"route_parameters":{"_controller":"[object] (Closure: {})","_route":"POST_api_v1_set_"},"request_uri":"http://localhost:8080/api/v1/set/"} []
[2016-03-19 18:26:10] bricks_logger.INFO: Very first message [] []
[2016-03-19 18:26:11] bricks_logger.INFO: Matched route "POST_api_v1_shop_". {"route_parameters":{"_controller":"[object] (Closure: {})","_route":"POST_api_v1_shop_"},"request_uri":"http://localhost:8080/api/v1/shop/"} []
[2016-03-19 18:26:11] bricks_logger.INFO: Matched route "POST_api_v1_insight_". {"route_parameters":{"_controller":"[object] (Closure: {})","_route":"POST_api_v1_insight_"},"request_uri":"http://localhost:8080/api/v1/insight/"} []
[2016-03-19 18:27:09] bricks_logger.INFO: Matched route "n/a". {"route_parameters":{"_controller":"[object] (Closure: {})","_route":null,"url":"/api/v1/homepage/"},"request_uri":"http://localhost:8080/api/v1/homepage"} []
[2016-03-19 18:27:09] bricks_logger.INFO: Matched route "GET_api_v1_homepage_". {"route_parameters":{"_controller":"[object] (Closure: {})","_route":"GET_api_v1_homepage_"},"request_uri":"http://localhost:8080/api/v1/homepage/"} []
[2016-03-19 18:27:09] bricks_logger.INFO: Matched route "n/a". {"route_parameters":{"_controller":"[object] (Closure: {})","_route":null,"url":"/api/v1/stats/"},"request_uri":"http://localhost:8080/api/v1/stats"} []
[2016-03-19 18:27:09] bricks_logger.INFO: Matched route "GET_api_v1_stats_". {"route_parameters":{"_controller":"[object] (Closure: {})","_route":"GET_api_v1_stats_"},"request_uri":"http://localhost:8080/api/v1/stats/"} []
[2016-03-19 18:27:09] bricks_logger.INFO: Matched route "n/a". {"route_parameters":{"_controller":"[object] (Closure: {})","_route":null,"url":"/api/v1/shops/"},"request_uri":"http://localhost:8080/api/v1/shops"} []
[2016-03-19 18:27:09] bricks_logger.INFO: Matched route "GET_api_v1_shops_". {"route_parameters":{"_controller":"[object] (Closure: {})","_route":"GET_api_v1_shops_"},"request_uri":"http://localhost:8080/api/v1/shops/"} []
[2016-03-19 18:27:10] bricks_logger.INFO: Matched route "n/a". {"route_parameters":{"_controller":"[object] (Closure: {})","_route":null,"url":"/api/v1/insights/"},"request_uri":"http://localhost:8080/api/v1/insights"} []
[2016-03-19 18:27:10] bricks_logger.INFO: Matched route "GET_api_v1_insights_". {"route_parameters":{"_controller":"[object] (Closure: {})","_route":"GET_api_v1_insights_"},"request_uri":"http://localhost:8080/api/v1/insights/"} []
[2016-03-19 18:27:11] bricks_logger.INFO: Matched route "POST_api_v1_set_". {"route_parameters":{"_controller":"[object] (Closure: {})","_route":"POST_api_v1_set_"},"request_uri":"http://localhost:8080/api/v1/set/"} []
[2016-03-19 18:27:11] bricks_logger.INFO: Very first message [] []
[2016-03-19 18:27:11] bricks_logger.INFO: File name ... /Volumes/Sviluppo/github.com/sensorario/bricks-api/src/Bricks/Services/../../../app/data/bricks.objects.set [] []
[2016-03-19 18:27:11] bricks_logger.INFO: Matched route "POST_api_v1_set_". {"route_parameters":{"_controller":"[object] (Closure: {})","_route":"POST_api_v1_set_"},"request_uri":"http://localhost:8080/api/v1/set/"} []
[2016-03-19 18:27:11] bricks_logger.INFO: Very first message [] []
[2016-03-19 18:27:11] bricks_logger.INFO: File name ... /Volumes/Sviluppo/github.com/sensorario/bricks-api/src/Bricks/Services/../../../app/data/bricks.objects.set [] []
[2016-03-19 18:27:11] bricks_logger.INFO: Matched route "POST_api_v1_set_". {"route_parameters":{"_controller":"[object] (Closure: {})","_route":"POST_api_v1_set_"},"request_uri":"http://localhost:8080/api/v1/set/"} []
[2016-03-19 18:27:11] bricks_logger.INFO: Very first message [] []
[2016-03-19 18:27:11] bricks_logger.INFO: File name ... /Volumes/Sviluppo/github.com/sensorario/bricks-api/src/Bricks/Services/../../../app/data/bricks.objects.set [] []
[2016-03-19 18:27:12] bricks_logger.INFO: Matched route "POST_api_v1_shop_". {"route_parameters":{"_controller":"[object] (Closure: {})","_route":"POST_api_v1_shop_"},"request_uri":"http://localhost:8080/api/v1/shop/"} []
[2016-03-19 18:27:12] bricks_logger.INFO: Matched route "POST_api_v1_insight_". {"route_parameters":{"_controller":"[object] (Closure: {})","_route":"POST_api_v1_insight_"},"request_uri":"http://localhost:8080/api/v1/insight/"} []
[2016-03-19 18:28:25] bricks_logger.INFO: Matched route "n/a". {"route_parameters":{"_controller":"[object] (Closure: {})","_route":null,"url":"/api/v1/homepage/"},"request_uri":"http://localhost:8080/api/v1/homepage"} []
[2016-03-19 18:28:25] bricks_logger.INFO: Matched route "GET_api_v1_homepage_". {"route_parameters":{"_controller":"[object] (Closure: {})","_route":"GET_api_v1_homepage_"},"request_uri":"http://localhost:8080/api/v1/homepage/"} []
[2016-03-19 18:28:25] bricks_logger.INFO: Matched route "n/a". {"route_parameters":{"_controller":"[object] (Closure: {})","_route":null,"url":"/api/v1/stats/"},"request_uri":"http://localhost:8080/api/v1/stats"} []
[2016-03-19 18:28:25] bricks_logger.INFO: Matched route "GET_api_v1_stats_". {"route_parameters":{"_controller":"[object] (Closure: {})","_route":"GET_api_v1_stats_"},"request_uri":"http://localhost:8080/api/v1/stats/"} []
[2016-03-19 18:28:25] bricks_logger.INFO: Matched route "n/a". {"route_parameters":{"_controller":"[object] (Closure: {})","_route":null,"url":"/api/v1/shops/"},"request_uri":"http://localhost:8080/api/v1/shops"} []
[2016-03-19 18:28:25] bricks_logger.INFO: Matched route "GET_api_v1_shops_". {"route_parameters":{"_controller":"[object] (Closure: {})","_route":"GET_api_v1_shops_"},"request_uri":"http://localhost:8080/api/v1/shops/"} []
[2016-03-19 18:28:25] bricks_logger.INFO: Matched route "n/a". {"route_parameters":{"_controller":"[object] (Closure: {})","_route":null,"url":"/api/v1/insights/"},"request_uri":"http://localhost:8080/api/v1/insights"} []
[2016-03-19 18:28:25] bricks_logger.INFO: Matched route "GET_api_v1_insights_". {"route_parameters":{"_controller":"[object] (Closure: {})","_route":"GET_api_v1_insights_"},"request_uri":"http://localhost:8080/api/v1/insights/"} []
[2016-03-19 18:28:27] bricks_logger.INFO: Matched route "POST_api_v1_set_". {"route_parameters":{"_controller":"[object] (Closure: {})","_route":"POST_api_v1_set_"},"request_uri":"http://localhost:8080/api/v1/set/"} []
[2016-03-19 18:28:27] bricks_logger.INFO: Very first message [] []
[2016-03-19 18:28:27] bricks_logger.INFO: File name ... /Volumes/Sviluppo/github.com/sensorario/bricks-api/src/Bricks/Services/../../../app/data/bricks.objects.set [] []
[2016-03-19 18:28:28] bricks_logger.INFO: Matched route "POST_api_v1_set_". {"route_parameters":{"_controller":"[object] (Closure: {})","_route":"POST_api_v1_set_"},"request_uri":"http://localhost:8080/api/v1/set/"} []
[2016-03-19 18:28:28] bricks_logger.INFO: Very first message [] []
[2016-03-19 18:28:28] bricks_logger.INFO: File name ... /Volumes/Sviluppo/github.com/sensorario/bricks-api/src/Bricks/Services/../../../app/data/bricks.objects.set [] []
[2016-03-19 18:28:28] bricks_logger.INFO: Matched route "POST_api_v1_set_". {"route_parameters":{"_controller":"[object] (Closure: {})","_route":"POST_api_v1_set_"},"request_uri":"http://localhost:8080/api/v1/set/"} []
[2016-03-19 18:28:28] bricks_logger.INFO: Very first message [] []
[2016-03-19 18:28:28] bricks_logger.INFO: File name ... /Volumes/Sviluppo/github.com/sensorario/bricks-api/src/Bricks/Services/../../../app/data/bricks.objects.set [] []
[2016-03-19 18:28:28] bricks_logger.INFO: Matched route "POST_api_v1_shop_". {"route_parameters":{"_controller":"[object] (Closure: {})","_route":"POST_api_v1_shop_"},"request_uri":"http://localhost:8080/api/v1/shop/"} []
[2016-03-19 18:28:28] bricks_logger.INFO: Matched route "POST_api_v1_insight_". {"route_parameters":{"_controller":"[object] (Closure: {})","_route":"POST_api_v1_insight_"},"request_uri":"http://localhost:8080/api/v1/insight/"} []
[2016-03-19 18:29:20] bricks_logger.INFO: Matched route "POST_api_v1_set_". {"route_parameters":{"_controller":"[object] (Closure: {})","_route":"POST_api_v1_set_"},"request_uri":"http://localhost:8080/api/v1/set/"} []
[2016-03-19 18:29:20] bricks_logger.INFO: Very first message [] []
[2016-03-19 18:29:20] bricks_logger.INFO: File name ... /Volumes/Sviluppo/github.com/sensorario/bricks-api/src/Bricks/Services/../../../app/data/bricks.objects.set [] []
[2016-03-19 18:29:20] bricks_logger.INFO: Matched route "POST_api_v1_set_". {"route_parameters":{"_controller":"[object] (Closure: {})","_route":"POST_api_v1_set_"},"request_uri":"http://localhost:8080/api/v1/set/"} []
[2016-03-19 18:29:20] bricks_logger.INFO: Very first message [] []
[2016-03-19 18:29:20] bricks_logger.INFO: File name ... /Volumes/Sviluppo/github.com/sensorario/bricks-api/src/Bricks/Services/../../../app/data/bricks.objects.set [] []
[2016-03-19 18:29:20] bricks_logger.INFO: Matched route "POST_api_v1_set_". {"route_parameters":{"_controller":"[object] (Closure: {})","_route":"POST_api_v1_set_"},"request_uri":"http://localhost:8080/api/v1/set/"} []
[2016-03-19 18:29:20] bricks_logger.INFO: Very first message [] []
[2016-03-19 18:29:20] bricks_logger.INFO: File name ... /Volumes/Sviluppo/github.com/sensorario/bricks-api/src/Bricks/Services/../../../app/data/bricks.objects.set [] []
[2016-03-19 18:29:20] bricks_logger.INFO: Matched route "POST_api_v1_shop_". {"route_parameters":{"_controller":"[object] (Closure: {})","_route":"POST_api_v1_shop_"},"request_uri":"http://localhost:8080/api/v1/shop/"} []
[2016-03-19 18:29:20] bricks_logger.INFO: Matched route "POST_api_v1_insight_". {"route_parameters":{"_controller":"[object] (Closure: {})","_route":"POST_api_v1_insight_"},"request_uri":"http://localhost:8080/api/v1/insight/"} []
[2016-03-19 18:32:16] bricks_logger.NOTICE: File name ... /Volumes/Sviluppo/github.com/sensorario/bricks-api/src/Bricks/Services/../../../app/data/bricks.objects.set [] []
[2016-03-19 18:32:16] bricks_logger.NOTICE: File name ... /Volumes/Sviluppo/github.com/sensorario/bricks-api/src/Bricks/Services/../../../app/data/bricks.objects.set [] []
[2016-03-19 18:32:16] bricks_logger.NOTICE: File name ... /Volumes/Sviluppo/github.com/sensorario/bricks-api/src/Bricks/Services/../../../app/data/bricks.objects.set [] []
[2016-03-19 18:32:52] bricks_logger.NOTICE: File name ... /Volumes/Sviluppo/github.com/sensorario/bricks-api/src/Bricks/Services/../../../app/data/bricks.objects.set [] []
[2016-03-19 18:32:52] bricks_logger.NOTICE: File exists  [] []
[2016-03-19 18:32:52] bricks_logger.NOTICE: File name ... /Volumes/Sviluppo/github.com/sensorario/bricks-api/src/Bricks/Services/../../../app/data/bricks.objects.set [] []
[2016-03-19 18:32:52] bricks_logger.NOTICE: File exists 1 [] []
[2016-03-19 18:32:52] bricks_logger.NOTICE: File name ... /Volumes/Sviluppo/github.com/sensorario/bricks-api/src/Bricks/Services/../../../app/data/bricks.objects.set [] []
[2016-03-19 18:32:52] bricks_logger.NOTICE: File exists 1 [] []
[2016-03-19 18:34:27] bricks_logger.NOTICE: File name ... /Volumes/Sviluppo/github.com/sensorario/bricks-api/src/Bricks/Services/../../../app/data/bricks.objects.set [] []
[2016-03-19 18:34:27] bricks_logger.NOTICE: File exists  [] []
[2016-03-19 18:34:27] bricks_logger.NOTICE: File name ... /Volumes/Sviluppo/github.com/sensorario/bricks-api/src/Bricks/Services/../../../app/data/bricks.objects.set [] []
[2016-03-19 18:34:27] bricks_logger.NOTICE: File exists 1 [] []
[2016-03-19 18:34:27] bricks_logger.NOTICE: File name ... /Volumes/Sviluppo/github.com/sensorario/bricks-api/src/Bricks/Services/../../../app/data/bricks.objects.set [] []
[2016-03-19 18:34:27] bricks_logger.NOTICE: File exists 1 [] []
[2016-03-19 17:36:20] bricks_logger.WARNING: No route found for "GET /invalid-request" [] []
[2016-03-19 17:36:20] bricks_logger.WARNING: No route found for "GET /invalid-request" [] []
[2016-03-19 17:36:20] bricks_logger.WARNING: No route found for "POST /set/" [] []
[2016-03-19 18:36:21] bricks_logger.WARNING: No route found for "GET /api/v1/some-invalid-url" [] []
[2016-03-19 18:36:32] bricks_logger.WARNING: Method `Bricks\Objects\Set::asArray()` is not yet implemented [] []
[2016-03-19 18:36:32] bricks_logger.WARNING: Method `Bricks\Objects\Set::asArray()` is not yet implemented [] []
[2016-03-19 18:36:32] bricks_logger.WARNING: Method `Bricks\Objects\Set::asArray()` is not yet implemented [] []
[2016-03-19 18:36:32] bricks_logger.WARNING: Method `Bricks\Objects\Shop::asArray()` is not yet implemented [] []
[2016-03-19 18:36:32] bricks_logger.WARNING: Method `Bricks\Objects\Insight::asArray()` is not yet implemented [] []
[2016-03-19 17:44:36] bricks_logger.WARNING: No route found for "GET /invalid-request" [] []
[2016-03-19 17:44:36] bricks_logger.WARNING: No route found for "GET /invalid-request" [] []
[2016-03-19 17:44:36] bricks_logger.WARNING: No route found for "POST /set/" [] []
[2016-03-19 18:44:38] bricks_logger.WARNING: No route found for "GET /api/v1/some-invalid-url" [] []
[2016-03-19 18:44:44] bricks_logger.WARNING: Method `Bricks\Objects\Set::asArray()` is not yet implemented [] []
[2016-03-19 18:44:44] bricks_logger.WARNING: Method `Bricks\Objects\Set::asArray()` is not yet implemented [] []
[2016-03-19 18:44:44] bricks_logger.WARNING: Method `Bricks\Objects\Set::asArray()` is not yet implemented [] []
[2016-03-19 18:44:44] bricks_logger.WARNING: Method `Bricks\Objects\Shop::asArray()` is not yet implemented [] []
[2016-03-19 18:44:44] bricks_logger.WARNING: Method `Bricks\Objects\Insight::asArray()` is not yet implemented [] []
[2016-03-19 18:45:33] bricks_logger.WARNING: Method `Bricks\Objects\Set::asArray()` is not yet implemented [] []
[2016-03-19 18:45:33] bricks_logger.WARNING: Array [] []
[2016-03-19 18:45:33] bricks_logger.WARNING: Method `Bricks\Objects\Set::asArray()` is not yet implemented [] []
[2016-03-19 18:45:33] bricks_logger.WARNING: Array [] []
[2016-03-19 18:45:33] bricks_logger.WARNING: Method `Bricks\Objects\Set::asArray()` is not yet implemented [] []
[2016-03-19 18:45:33] bricks_logger.WARNING: Array [] []
[2016-03-19 18:45:33] bricks_logger.WARNING: Method `Bricks\Objects\Shop::asArray()` is not yet implemented [] []
[2016-03-19 18:45:33] bricks_logger.WARNING: Array [] []
[2016-03-19 18:45:34] bricks_logger.WARNING: Method `Bricks\Objects\Insight::asArray()` is not yet implemented [] []
[2016-03-19 18:45:34] bricks_logger.WARNING: Array [] []
[2016-03-19 18:45:55] bricks_logger.WARNING: Method `Bricks\Objects\Set::asArray()` is not yet implemented [] []
[2016-03-19 18:45:55] bricks_logger.WARNING: Method `Bricks\Objects\Set::asArray()` is not yet implemented [] []
[2016-03-19 18:45:55] bricks_logger.WARNING: Method `Bricks\Objects\Set::asArray()` is not yet implemented [] []
[2016-03-19 18:45:55] bricks_logger.WARNING: Method `Bricks\Objects\Shop::asArray()` is not yet implemented [] []
[2016-03-19 18:45:55] bricks_logger.WARNING: Method `Bricks\Objects\Insight::asArray()` is not yet implemented [] []
[2016-03-19 18:46:20] bricks_logger.WARNING: Method `Bricks\Objects\Set::asArray()` is not yet implemented [] []
[2016-03-19 18:46:20] bricks_logger.WARNING: Method `Bricks\Objects\Set::asArray()` is not yet implemented [] []
[2016-03-19 18:46:20] bricks_logger.WARNING: Method `Bricks\Objects\Set::asArray()` is not yet implemented [] []
[2016-03-19 18:46:20] bricks_logger.WARNING: Method `Bricks\Objects\Shop::asArray()` is not yet implemented [] []
[2016-03-19 18:46:20] bricks_logger.WARNING: Method `Bricks\Objects\Insight::asArray()` is not yet implemented [] []
[2016-03-19 18:46:57] bricks_logger.WARNING: Method `Bricks\Objects\Set::asArray()` is not yet implemented [] []
[2016-03-19 18:46:57] bricks_logger.WARNING: #0 /Volumes/Sviluppo/github.com/sensorario/bricks-api/app/app.php(189): Sensorario\ValueObject\ValueObject->__call('asArray', Array) #1 /Volumes/Sviluppo/github.com/sensorario/bricks-api/app/app.php(189): Bricks\Objects\Set->asArray() #2 [internal function]: {closure}(Object(Symfony\Component\HttpFoundation\Request)) #3 /Volumes/Sviluppo/github.com/sensorario/bricks-api/vendor/symfony/http-kernel/HttpKernel.php(139): call_user_func_array(Object(Closure), Array) #4 /Volumes/Sviluppo/github.com/sensorario/bricks-api/vendor/symfony/http-kernel/HttpKernel.php(62): Symfony\Component\HttpKernel\HttpKernel->handleRaw(Object(Symfony\Component\HttpFoundation\Request), 1) #5 /Volumes/Sviluppo/github.com/sensorario/bricks-api/vendor/silex/silex/src/Silex/Application.php(586): Symfony\Component\HttpKernel\HttpKernel->handle(Object(Symfony\Component\HttpFoundation\Request), 1, true) #6 /Volumes/Sviluppo/github.com/sensorario/bricks-api/vendor/silex/silex/src/Silex/Application.php(563): Silex\Application->handle(Object(Symfony\Component\HttpFoundation\Request)) #7 /Volumes/Sviluppo/github.com/sensorario/bricks-api/web/index.php(12): Silex\Application->run() #8 {main} [] []
[2016-03-19 18:46:57] bricks_logger.WARNING: Method `Bricks\Objects\Set::asArray()` is not yet implemented [] []
[2016-03-19 18:46:57] bricks_logger.WARNING: #0 /Volumes/Sviluppo/github.com/sensorario/bricks-api/app/app.php(189): Sensorario\ValueObject\ValueObject->__call('asArray', Array) #1 /Volumes/Sviluppo/github.com/sensorario/bricks-api/app/app.php(189): Bricks\Objects\Set->asArray() #2 [internal function]: {closure}(Object(Symfony\Component\HttpFoundation\Request)) #3 /Volumes/Sviluppo/github.com/sensorario/bricks-api/vendor/symfony/http-kernel/HttpKernel.php(139): call_user_func_array(Object(Closure), Array) #4 /Volumes/Sviluppo/github.com/sensorario/bricks-api/vendor/symfony/http-kernel/HttpKernel.php(62): Symfony\Component\HttpKernel\HttpKernel->handleRaw(Object(Symfony\Component\HttpFoundation\Request), 1) #5 /Volumes/Sviluppo/github.com/sensorario/bricks-api/vendor/silex/silex/src/Silex/Application.php(586): Symfony\Component\HttpKernel\HttpKernel->handle(Object(Symfony\Component\HttpFoundation\Request), 1, true) #6 /Volumes/Sviluppo/github.com/sensorario/bricks-api/vendor/silex/silex/src/Silex/Application.php(563): Silex\Application->handle(Object(Symfony\Component\HttpFoundation\Request)) #7 /Volumes/Sviluppo/github.com/sensorario/bricks-api/web/index.php(12): Silex\Application->run() #8 {main} [] []
[2016-03-19 18:46:57] bricks_logger.WARNING: Method `Bricks\Objects\Set::asArray()` is not yet implemented [] []
[2016-03-19 18:46:57] bricks_logger.WARNING: #0 /Volumes/Sviluppo/github.com/sensorario/bricks-api/app/app.php(189): Sensorario\ValueObject\ValueObject->__call('asArray', Array) #1 /Volumes/Sviluppo/github.com/sensorario/bricks-api/app/app.php(189): Bricks\Objects\Set->asArray() #2 [internal function]: {closure}(Object(Symfony\Component\HttpFoundation\Request)) #3 /Volumes/Sviluppo/github.com/sensorario/bricks-api/vendor/symfony/http-kernel/HttpKernel.php(139): call_user_func_array(Object(Closure), Array) #4 /Volumes/Sviluppo/github.com/sensorario/bricks-api/vendor/symfony/http-kernel/HttpKernel.php(62): Symfony\Component\HttpKernel\HttpKernel->handleRaw(Object(Symfony\Component\HttpFoundation\Request), 1) #5 /Volumes/Sviluppo/github.com/sensorario/bricks-api/vendor/silex/silex/src/Silex/Application.php(586): Symfony\Component\HttpKernel\HttpKernel->handle(Object(Symfony\Component\HttpFoundation\Request), 1, true) #6 /Volumes/Sviluppo/github.com/sensorario/bricks-api/vendor/silex/silex/src/Silex/Application.php(563): Silex\Application->handle(Object(Symfony\Component\HttpFoundation\Request)) #7 /Volumes/Sviluppo/github.com/sensorario/bricks-api/web/index.php(12): Silex\Application->run() #8 {main} [] []
[2016-03-19 18:46:57] bricks_logger.WARNING: Method `Bricks\Objects\Shop::asArray()` is not yet implemented [] []
[2016-03-19 18:46:57] bricks_logger.WARNING: #0 /Volumes/Sviluppo/github.com/sensorario/bricks-api/app/app.php(217): Sensorario\ValueObject\ValueObject->__call('asArray', Array) #1 /Volumes/Sviluppo/github.com/sensorario/bricks-api/app/app.php(217): Bricks\Objects\Shop->asArray() #2 [internal function]: {closure}(Object(Symfony\Component\HttpFoundation\Request)) #3 /Volumes/Sviluppo/github.com/sensorario/bricks-api/vendor/symfony/http-kernel/HttpKernel.php(139): call_user_func_array(Object(Closure), Array) #4 /Volumes/Sviluppo/github.com/sensorario/bricks-api/vendor/symfony/http-kernel/HttpKernel.php(62): Symfony\Component\HttpKernel\HttpKernel->handleRaw(Object(Symfony\Component\HttpFoundation\Request), 1) #5 /Volumes/Sviluppo/github.com/sensorario/bricks-api/vendor/silex/silex/src/Silex/Application.php(586): Symfony\Component\HttpKernel\HttpKernel->handle(Object(Symfony\Component\HttpFoundation\Request), 1, true) #6 /Volumes/Sviluppo/github.com/sensorario/bricks-api/vendor/silex/silex/src/Silex/Application.php(563): Silex\Application->handle(Object(Symfony\Component\HttpFoundation\Request)) #7 /Volumes/Sviluppo/github.com/sensorario/bricks-api/web/index.php(12): Silex\Application->run() #8 {main} [] []
[2016-03-19 18:46:57] bricks_logger.WARNING: Method `Bricks\Objects\Insight::asArray()` is not yet implemented [] []
[2016-03-19 18:46:57] bricks_logger.WARNING: #0 /Volumes/Sviluppo/github.com/sensorario/bricks-api/app/app.php(232): Sensorario\ValueObject\ValueObject->__call('asArray', Array) #1 /Volumes/Sviluppo/github.com/sensorario/bricks-api/app/app.php(232): Bricks\Objects\Insight->asArray() #2 [internal function]: {closure}(Object(Symfony\Component\HttpFoundation\Request)) #3 /Volumes/Sviluppo/github.com/sensorario/bricks-api/vendor/symfony/http-kernel/HttpKernel.php(139): call_user_func_array(Object(Closure), Array) #4 /Volumes/Sviluppo/github.com/sensorario/bricks-api/vendor/symfony/http-kernel/HttpKernel.php(62): Symfony\Component\HttpKernel\HttpKernel->handleRaw(Object(Symfony\Component\HttpFoundation\Request), 1) #5 /Volumes/Sviluppo/github.com/sensorario/bricks-api/vendor/silex/silex/src/Silex/Application.php(586): Symfony\Component\HttpKernel\HttpKernel->handle(Object(Symfony\Component\HttpFoundation\Request), 1, true) #6 /Volumes/Sviluppo/github.com/sensorario/bricks-api/vendor/silex/silex/src/Silex/Application.php(563): Silex\Application->handle(Object(Symfony\Component\HttpFoundation\Request)) #7 /Volumes/Sviluppo/github.com/sensorario/bricks-api/web/index.php(12): Silex\Application->run() #8 {main} [] []
[2016-03-19 18:47:06] bricks_logger.WARNING: Method `Bricks\Objects\Set::asArray()` is not yet implemented [] []
[2016-03-19 18:47:06] bricks_logger.WARNING: #0 /Volumes/Sviluppo/github.com/sensorario/bricks-api/app/app.php(189): Sensorario\ValueObject\ValueObject->__call('asArray', Array) #1 /Volumes/Sviluppo/github.com/sensorario/bricks-api/app/app.php(189): Bricks\Objects\Set->asArray() #2 [internal function]: {closure}(Object(Symfony\Component\HttpFoundation\Request)) #3 /Volumes/Sviluppo/github.com/sensorario/bricks-api/vendor/symfony/http-kernel/HttpKernel.php(139): call_user_func_array(Object(Closure), Array) #4 /Volumes/Sviluppo/github.com/sensorario/bricks-api/vendor/symfony/http-kernel/HttpKernel.php(62): Symfony\Component\HttpKernel\HttpKernel->handleRaw(Object(Symfony\Component\HttpFoundation\Request), 1) #5 /Volumes/Sviluppo/github.com/sensorario/bricks-api/vendor/silex/silex/src/Silex/Application.php(586): Symfony\Component\HttpKernel\HttpKernel->handle(Object(Symfony\Component\HttpFoundation\Request), 1, true) #6 /Volumes/Sviluppo/github.com/sensorario/bricks-api/vendor/silex/silex/src/Silex/Application.php(563): Silex\Application->handle(Object(Symfony\Component\HttpFoundation\Request)) #7 /Volumes/Sviluppo/github.com/sensorario/bricks-api/web/index.php(12): Silex\Application->run() #8 {main} [] []
[2016-03-19 18:47:06] bricks_logger.WARNING: Method `Bricks\Objects\Set::asArray()` is not yet implemented [] []
[2016-03-19 18:47:06] bricks_logger.WARNING: #0 /Volumes/Sviluppo/github.com/sensorario/bricks-api/app/app.php(189): Sensorario\ValueObject\ValueObject->__call('asArray', Array) #1 /Volumes/Sviluppo/github.com/sensorario/bricks-api/app/app.php(189): Bricks\Objects\Set->asArray() #2 [internal function]: {closure}(Object(Symfony\Component\HttpFoundation\Request)) #3 /Volumes/Sviluppo/github.com/sensorario/bricks-api/vendor/symfony/http-kernel/HttpKernel.php(139): call_user_func_array(Object(Closure), Array) #4 /Volumes/Sviluppo/github.com/sensorario/bricks-api/vendor/symfony/http-kernel/HttpKernel.php(62): Symfony\Component\HttpKernel\HttpKernel->handleRaw(Object(Symfony\Component\HttpFoundation\Request), 1) #5 /Volumes/Sviluppo/github.com/sensorario/bricks-api/vendor/silex/silex/src/Silex/Application.php(586): Symfony\Component\HttpKernel\HttpKernel->handle(Object(Symfony\Component\HttpFoundation\Request), 1, true) #6 /Volumes/Sviluppo/github.com/sensorario/bricks-api/vendor/silex/silex/src/Silex/Application.php(563): Silex\Application->handle(Object(Symfony\Component\HttpFoundation\Request)) #7 /Volumes/Sviluppo/github.com/sensorario/bricks-api/web/index.php(12): Silex\Application->run() #8 {main} [] []
[2016-03-19 18:47:06] bricks_logger.WARNING: Method `Bricks\Objects\Set::asArray()` is not yet implemented [] []
[2016-03-19 18:47:06] bricks_logger.WARNING: #0 /Volumes/Sviluppo/github.com/sensorario/bricks-api/app/app.php(189): Sensorario\ValueObject\ValueObject->__call('asArray', Array) #1 /Volumes/Sviluppo/github.com/sensorario/bricks-api/app/app.php(189): Bricks\Objects\Set->asArray() #2 [internal function]: {closure}(Object(Symfony\Component\HttpFoundation\Request)) #3 /Volumes/Sviluppo/github.com/sensorario/bricks-api/vendor/symfony/http-kernel/HttpKernel.php(139): call_user_func_array(Object(Closure), Array) #4 /Volumes/Sviluppo/github.com/sensorario/bricks-api/vendor/symfony/http-kernel/HttpKernel.php(62): Symfony\Component\HttpKernel\HttpKernel->handleRaw(Object(Symfony\Component\HttpFoundation\Request), 1) #5 /Volumes/Sviluppo/github.com/sensorario/bricks-api/vendor/silex/silex/src/Silex/Application.php(586): Symfony\Component\HttpKernel\HttpKernel->handle(Object(Symfony\Component\HttpFoundation\Request), 1, true) #6 /Volumes/Sviluppo/github.com/sensorario/bricks-api/vendor/silex/silex/src/Silex/Application.php(563): Silex\Application->handle(Object(Symfony\Component\HttpFoundation\Request)) #7 /Volumes/Sviluppo/github.com/sensorario/bricks-api/web/index.php(12): Silex\Application->run() #8 {main} [] []
[2016-03-19 18:47:06] bricks_logger.WARNING: Method `Bricks\Objects\Shop::asArray()` is not yet implemented [] []
[2016-03-19 18:47:06] bricks_logger.WARNING: #0 /Volumes/Sviluppo/github.com/sensorario/bricks-api/app/app.php(217): Sensorario\ValueObject\ValueObject->__call('asArray', Array) #1 /Volumes/Sviluppo/github.com/sensorario/bricks-api/app/app.php(217): Bricks\Objects\Shop->asArray() #2 [internal function]: {closure}(Object(Symfony\Component\HttpFoundation\Request)) #3 /Volumes/Sviluppo/github.com/sensorario/bricks-api/vendor/symfony/http-kernel/HttpKernel.php(139): call_user_func_array(Object(Closure), Array) #4 /Volumes/Sviluppo/github.com/sensorario/bricks-api/vendor/symfony/http-kernel/HttpKernel.php(62): Symfony\Component\HttpKernel\HttpKernel->handleRaw(Object(Symfony\Component\HttpFoundation\Request), 1) #5 /Volumes/Sviluppo/github.com/sensorario/bricks-api/vendor/silex/silex/src/Silex/Application.php(586): Symfony\Component\HttpKernel\HttpKernel->handle(Object(Symfony\Component\HttpFoundation\Request), 1, true) #6 /Volumes/Sviluppo/github.com/sensorario/bricks-api/vendor/silex/silex/src/Silex/Application.php(563): Silex\Application->handle(Object(Symfony\Component\HttpFoundation\Request)) #7 /Volumes/Sviluppo/github.com/sensorario/bricks-api/web/index.php(12): Silex\Application->run() #8 {main} [] []
[2016-03-19 18:47:06] bricks_logger.WARNING: Method `Bricks\Objects\Insight::asArray()` is not yet implemented [] []
[2016-03-19 18:47:06] bricks_logger.WARNING: #0 /Volumes/Sviluppo/github.com/sensorario/bricks-api/app/app.php(232): Sensorario\ValueObject\ValueObject->__call('asArray', Array) #1 /Volumes/Sviluppo/github.com/sensorario/bricks-api/app/app.php(232): Bricks\Objects\Insight->asArray() #2 [internal function]: {closure}(Object(Symfony\Component\HttpFoundation\Request)) #3 /Volumes/Sviluppo/github.com/sensorario/bricks-api/vendor/symfony/http-kernel/HttpKernel.php(139): call_user_func_array(Object(Closure), Array) #4 /Volumes/Sviluppo/github.com/sensorario/bricks-api/vendor/symfony/http-kernel/HttpKernel.php(62): Symfony\Component\HttpKernel\HttpKernel->handleRaw(Object(Symfony\Component\HttpFoundation\Request), 1) #5 /Volumes/Sviluppo/github.com/sensorario/bricks-api/vendor/silex/silex/src/Silex/Application.php(586): Symfony\Component\HttpKernel\HttpKernel->handle(Object(Symfony\Component\HttpFoundation\Request), 1, true) #6 /Volumes/Sviluppo/github.com/sensorario/bricks-api/vendor/silex/silex/src/Silex/Application.php(563): Silex\Application->handle(Object(Symfony\Component\HttpFoundation\Request)) #7 /Volumes/Sviluppo/github.com/sensorario/bricks-api/web/index.php(12): Silex\Application->run() #8 {main} [] []
[2016-03-19 18:47:53] bricks_logger.WARNING: Method `Bricks\Objects\Shop::asArray()` is not yet implemented [] []
[2016-03-19 18:47:53] bricks_logger.WARNING: #0 /Volumes/Sviluppo/github.com/sensorario/bricks-api/app/app.php(217): Sensorario\ValueObject\ValueObject->__call('asArray', Array) #1 /Volumes/Sviluppo/github.com/sensorario/bricks-api/app/app.php(217): Bricks\Objects\Shop->asArray() #2 [internal function]: {closure}(Object(Symfony\Component\HttpFoundation\Request)) #3 /Volumes/Sviluppo/github.com/sensorario/bricks-api/vendor/symfony/http-kernel/HttpKernel.php(139): call_user_func_array(Object(Closure), Array) #4 /Volumes/Sviluppo/github.com/sensorario/bricks-api/vendor/symfony/http-kernel/HttpKernel.php(62): Symfony\Component\HttpKernel\HttpKernel->handleRaw(Object(Symfony\Component\HttpFoundation\Request), 1) #5 /Volumes/Sviluppo/github.com/sensorario/bricks-api/vendor/silex/silex/src/Silex/Application.php(586): Symfony\Component\HttpKernel\HttpKernel->handle(Object(Symfony\Component\HttpFoundation\Request), 1, true) #6 /Volumes/Sviluppo/github.com/sensorario/bricks-api/vendor/silex/silex/src/Silex/Application.php(563): Silex\Application->handle(Object(Symfony\Component\HttpFoundation\Request)) #7 /Volumes/Sviluppo/github.com/sensorario/bricks-api/web/index.php(12): Silex\Application->run() #8 {main} [] []
[2016-03-19 18:47:53] bricks_logger.WARNING: Method `Bricks\Objects\Insight::asArray()` is not yet implemented [] []
[2016-03-19 18:47:53] bricks_logger.WARNING: #0 /Volumes/Sviluppo/github.com/sensorario/bricks-api/app/app.php(232): Sensorario\ValueObject\ValueObject->__call('asArray', Array) #1 /Volumes/Sviluppo/github.com/sensorario/bricks-api/app/app.php(232): Bricks\Objects\Insight->asArray() #2 [internal function]: {closure}(Object(Symfony\Component\HttpFoundation\Request)) #3 /Volumes/Sviluppo/github.com/sensorario/bricks-api/vendor/symfony/http-kernel/HttpKernel.php(139): call_user_func_array(Object(Closure), Array) #4 /Volumes/Sviluppo/github.com/sensorario/bricks-api/vendor/symfony/http-kernel/HttpKernel.php(62): Symfony\Component\HttpKernel\HttpKernel->handleRaw(Object(Symfony\Component\HttpFoundation\Request), 1) #5 /Volumes/Sviluppo/github.com/sensorario/bricks-api/vendor/silex/silex/src/Silex/Application.php(586): Symfony\Component\HttpKernel\HttpKernel->handle(Object(Symfony\Component\HttpFoundation\Request), 1, true) #6 /Volumes/Sviluppo/github.com/sensorario/bricks-api/vendor/silex/silex/src/Silex/Application.php(563): Silex\Application->handle(Object(Symfony\Component\HttpFoundation\Request)) #7 /Volumes/Sviluppo/github.com/sensorario/bricks-api/web/index.php(12): Silex\Application->run() #8 {main} [] []
[2016-03-19 18:48:37] bricks_logger.WARNING: Method `Bricks\Objects\Shop::asArray()` is not yet implemented [] []
[2016-03-19 18:48:37] bricks_logger.WARNING: #0 /Volumes/Sviluppo/github.com/sensorario/bricks-api/app/app.php(217): Sensorario\ValueObject\ValueObject->__call('asArray', Array) #1 /Volumes/Sviluppo/github.com/sensorario/bricks-api/app/app.php(217): Bricks\Objects\Shop->asArray() #2 [internal function]: {closure}(Object(Symfony\Component\HttpFoundation\Request)) #3 /Volumes/Sviluppo/github.com/sensorario/bricks-api/vendor/symfony/http-kernel/HttpKernel.php(139): call_user_func_array(Object(Closure), Array) #4 /Volumes/Sviluppo/github.com/sensorario/bricks-api/vendor/symfony/http-kernel/HttpKernel.php(62): Symfony\Component\HttpKernel\HttpKernel->handleRaw(Object(Symfony\Component\HttpFoundation\Request), 1) #5 /Volumes/Sviluppo/github.com/sensorario/bricks-api/vendor/silex/silex/src/Silex/Application.php(586): Symfony\Component\HttpKernel\HttpKernel->handle(Object(Symfony\Component\HttpFoundation\Request), 1, true) #6 /Volumes/Sviluppo/github.com/sensorario/bricks-api/vendor/silex/silex/src/Silex/Application.php(563): Silex\Application->handle(Object(Symfony\Component\HttpFoundation\Request)) #7 /Volumes/Sviluppo/github.com/sensorario/bricks-api/web/index.php(12): Silex\Application->run() #8 {main} [] []
[2016-03-19 18:48:37] bricks_logger.WARNING: Method `Bricks\Objects\Insight::asArray()` is not yet implemented [] []
[2016-03-19 18:48:37] bricks_logger.WARNING: #0 /Volumes/Sviluppo/github.com/sensorario/bricks-api/app/app.php(232): Sensorario\ValueObject\ValueObject->__call('asArray', Array) #1 /Volumes/Sviluppo/github.com/sensorario/bricks-api/app/app.php(232): Bricks\Objects\Insight->asArray() #2 [internal function]: {closure}(Object(Symfony\Component\HttpFoundation\Request)) #3 /Volumes/Sviluppo/github.com/sensorario/bricks-api/vendor/symfony/http-kernel/HttpKernel.php(139): call_user_func_array(Object(Closure), Array) #4 /Volumes/Sviluppo/github.com/sensorario/bricks-api/vendor/symfony/http-kernel/HttpKernel.php(62): Symfony\Component\HttpKernel\HttpKernel->handleRaw(Object(Symfony\Component\HttpFoundation\Request), 1) #5 /Volumes/Sviluppo/github.com/sensorario/bricks-api/vendor/silex/silex/src/Silex/Application.php(586): Symfony\Component\HttpKernel\HttpKernel->handle(Object(Symfony\Component\HttpFoundation\Request), 1, true) #6 /Volumes/Sviluppo/github.com/sensorario/bricks-api/vendor/silex/silex/src/Silex/Application.php(563): Silex\Application->handle(Object(Symfony\Component\HttpFoundation\Request)) #7 /Volumes/Sviluppo/github.com/sensorario/bricks-api/web/index.php(12): Silex\Application->run() #8 {main} [] []
[2016-03-19 18:49:03] bricks_logger.WARNING: Method `Bricks\Objects\Insight::asArray()` is not yet implemented [] []
[2016-03-19 18:49:03] bricks_logger.WARNING: #0 /Volumes/Sviluppo/github.com/sensorario/bricks-api/app/app.php(232): Sensorario\ValueObject\ValueObject->__call('asArray', Array) #1 /Volumes/Sviluppo/github.com/sensorario/bricks-api/app/app.php(232): Bricks\Objects\Insight->asArray() #2 [internal function]: {closure}(Object(Symfony\Component\HttpFoundation\Request)) #3 /Volumes/Sviluppo/github.com/sensorario/bricks-api/vendor/symfony/http-kernel/HttpKernel.php(139): call_user_func_array(Object(Closure), Array) #4 /Volumes/Sviluppo/github.com/sensorario/bricks-api/vendor/symfony/http-kernel/HttpKernel.php(62): Symfony\Component\HttpKernel\HttpKernel->handleRaw(Object(Symfony\Component\HttpFoundation\Request), 1) #5 /Volumes/Sviluppo/github.com/sensorario/bricks-api/vendor/silex/silex/src/Silex/Application.php(586): Symfony\Component\HttpKernel\HttpKernel->handle(Object(Symfony\Component\HttpFoundation\Request), 1, true) #6 /Volumes/Sviluppo/github.com/sensorario/bricks-api/vendor/silex/silex/src/Silex/Application.php(563): Silex\Application->handle(Object(Symfony\Component\HttpFoundation\Request)) #7 /Volumes/Sviluppo/github.com/sensorario/bricks-api/web/index.php(12): Silex\Application->run() #8 {main} [] []
[2016-03-19 18:49:08] bricks_logger.WARNING: Method `Bricks\Objects\Insight::asArray()` is not yet implemented [] []
[2016-03-19 18:49:08] bricks_logger.WARNING: #0 /Volumes/Sviluppo/github.com/sensorario/bricks-api/app/app.php(232): Sensorario\ValueObject\ValueObject->__call('asArray', Array) #1 /Volumes/Sviluppo/github.com/sensorario/bricks-api/app/app.php(232): Bricks\Objects\Insight->asArray() #2 [internal function]: {closure}(Object(Symfony\Component\HttpFoundation\Request)) #3 /Volumes/Sviluppo/github.com/sensorario/bricks-api/vendor/symfony/http-kernel/HttpKernel.php(139): call_user_func_array(Object(Closure), Array) #4 /Volumes/Sviluppo/github.com/sensorario/bricks-api/vendor/symfony/http-kernel/HttpKernel.php(62): Symfony\Component\HttpKernel\HttpKernel->handleRaw(Object(Symfony\Component\HttpFoundation\Request), 1) #5 /Volumes/Sviluppo/github.com/sensorario/bricks-api/vendor/silex/silex/src/Silex/Application.php(586): Symfony\Component\HttpKernel\HttpKernel->handle(Object(Symfony\Component\HttpFoundation\Request), 1, true) #6 /Volumes/Sviluppo/github.com/sensorario/bricks-api/vendor/silex/silex/src/Silex/Application.php(563): Silex\Application->handle(Object(Symfony\Component\HttpFoundation\Request)) #7 /Volumes/Sviluppo/github.com/sensorario/bricks-api/web/index.php(12): Silex\Application->run() #8 {main} [] []
[2016-03-19 18:01:42] bricks_logger.WARNING: No route found for "GET /invalid-request" [] []
[2016-03-19 18:01:42] bricks_logger.WARNING: #0 [internal function]: Symfony\Component\HttpKernel\EventListener\RouterListener->onKernelRequest(Object(Symfony\Component\HttpKernel\Event\GetResponseEvent), 'kernel.request', Object(Symfony\Component\EventDispatcher\EventDispatcher)) #1 /Volumes/Sviluppo/github.com/sensorario/bricks-api/vendor/symfony/event-dispatcher/EventDispatcher.php(181): call_user_func(Array, Object(Symfony\Component\HttpKernel\Event\GetResponseEvent), 'kernel.request', Object(Symfony\Component\EventDispatcher\EventDispatcher)) #2 /Volumes/Sviluppo/github.com/sensorario/bricks-api/vendor/symfony/event-dispatcher/EventDispatcher.php(46): Symfony\Component\EventDispatcher\EventDispatcher->doDispatch(Array, 'kernel.request', Object(Symfony\Component\HttpKernel\Event\GetResponseEvent)) #3 /Volumes/Sviluppo/github.com/sensorario/bricks-api/vendor/symfony/http-kernel/HttpKernel.php(120): Symfony\Component\EventDispatcher\EventDispatcher->dispatch('kernel.request', Object(Symfony\Component\HttpKernel\Event\GetResponseEvent)) #4 /Volumes/Sviluppo/github.com/sensorario/bricks-api/vendor/symfony/http-kernel/HttpKernel.php(62): Symfony\Component\HttpKernel\HttpKernel->handleRaw(Object(Symfony\Component\HttpFoundation\Request), 1) #5 /Volumes/Sviluppo/github.com/sensorario/bricks-api/vendor/silex/silex/src/Silex/Application.php(586): Symfony\Component\HttpKernel\HttpKernel->handle(Object(Symfony\Component\HttpFoundation\Request), 1, true) #6 /Volumes/Sviluppo/github.com/sensorario/bricks-api/vendor/symfony/http-kernel/Client.php(79): Silex\Application->handle(Object(Symfony\Component\HttpFoundation\Request)) #7 /Volumes/Sviluppo/github.com/sensorario/bricks-api/vendor/symfony/browser-kit/Client.php(315): Symfony\Component\HttpKernel\Client->doRequest(Object(Symfony\Component\HttpFoundation\Request)) #8 /Volumes/Sviluppo/github.com/sensorario/bricks-api/tests/functional/InvalidRequestTest.php(20): Symfony\Component\BrowserKit\Client->request('GET', '/invalid-reques...') #9 /Volumes/Sviluppo/github.com/sensorario/bricks-api/vendor/phpunit/phpunit/src/Framework/TestCase.php(840): YourApp\Tests\InvalidRequestTest->setUp() #10 /Volumes/Sviluppo/github.com/sensorario/bricks-api/vendor/phpunit/phpunit/src/Framework/TestResult.php(686): PHPUnit_Framework_TestCase->runBare() #11 /Volumes/Sviluppo/github.com/sensorario/bricks-api/vendor/phpunit/phpunit/src/Framework/TestCase.php(800): PHPUnit_Framework_TestResult->run(Object(YourApp\Tests\InvalidRequestTest)) #12 /Volumes/Sviluppo/github.com/sensorario/bricks-api/vendor/phpunit/phpunit/src/Framework/TestSuite.php(747): PHPUnit_Framework_TestCase->run(Object(PHPUnit_Framework_TestResult)) #13 /Volumes/Sviluppo/github.com/sensorario/bricks-api/vendor/phpunit/phpunit/src/Framework/TestSuite.php(747): PHPUnit_Framework_TestSuite->run(Object(PHPUnit_Framework_TestResult)) #14 /Volumes/Sviluppo/github.com/sensorario/bricks-api/vendor/phpunit/phpunit/src/TextUI/TestRunner.php(436): PHPUnit_Framework_TestSuite->run(Object(PHPUnit_Framework_TestResult)) #15 /Volumes/Sviluppo/github.com/sensorario/bricks-api/vendor/phpunit/phpunit/src/TextUI/Command.php(158): PHPUnit_TextUI_TestRunner->doRun(Object(PHPUnit_Framework_TestSuite), Array, true) #16 /Volumes/Sviluppo/github.com/sensorario/bricks-api/vendor/phpunit/phpunit/src/TextUI/Command.php(109): PHPUnit_TextUI_Command->run(Array, true) #17 /Volumes/Sviluppo/github.com/sensorario/bricks-api/vendor/phpunit/phpunit/phpunit(47): PHPUnit_TextUI_Command::main() #18 {main} [] []
[2016-03-19 18:01:42] bricks_logger.WARNING: No route found for "GET /invalid-request" [] []
[2016-03-19 18:01:42] bricks_logger.WARNING: #0 [internal function]: Symfony\Component\HttpKernel\EventListener\RouterListener->onKernelRequest(Object(Symfony\Component\HttpKernel\Event\GetResponseEvent), 'kernel.request', Object(Symfony\Component\EventDispatcher\EventDispatcher)) #1 /Volumes/Sviluppo/github.com/sensorario/bricks-api/vendor/symfony/event-dispatcher/EventDispatcher.php(181): call_user_func(Array, Object(Symfony\Component\HttpKernel\Event\GetResponseEvent), 'kernel.request', Object(Symfony\Component\EventDispatcher\EventDispatcher)) #2 /Volumes/Sviluppo/github.com/sensorario/bricks-api/vendor/symfony/event-dispatcher/EventDispatcher.php(46): Symfony\Component\EventDispatcher\EventDispatcher->doDispatch(Array, 'kernel.request', Object(Symfony\Component\HttpKernel\Event\GetResponseEvent)) #3 /Volumes/Sviluppo/github.com/sensorario/bricks-api/vendor/symfony/http-kernel/HttpKernel.php(120): Symfony\Component\EventDispatcher\EventDispatcher->dispatch('kernel.request', Object(Symfony\Component\HttpKernel\Event\GetResponseEvent)) #4 /Volumes/Sviluppo/github.com/sensorario/bricks-api/vendor/symfony/http-kernel/HttpKernel.php(62): Symfony\Component\HttpKernel\HttpKernel->handleRaw(Object(Symfony\Component\HttpFoundation\Request), 1) #5 /Volumes/Sviluppo/github.com/sensorario/bricks-api/vendor/silex/silex/src/Silex/Application.php(586): Symfony\Component\HttpKernel\HttpKernel->handle(Object(Symfony\Component\HttpFoundation\Request), 1, true) #6 /Volumes/Sviluppo/github.com/sensorario/bricks-api/vendor/symfony/http-kernel/Client.php(79): Silex\Application->handle(Object(Symfony\Component\HttpFoundation\Request)) #7 /Volumes/Sviluppo/github.com/sensorario/bricks-api/vendor/symfony/browser-kit/Client.php(315): Symfony\Component\HttpKernel\Client->doRequest(Object(Symfony\Component\HttpFoundation\Request)) #8 /Volumes/Sviluppo/github.com/sensorario/bricks-api/tests/functional/InvalidRequestTest.php(20): Symfony\Component\BrowserKit\Client->request('GET', '/invalid-reques...') #9 /Volumes/Sviluppo/github.com/sensorario/bricks-api/vendor/phpunit/phpunit/src/Framework/TestCase.php(840): YourApp\Tests\InvalidRequestTest->setUp() #10 /Volumes/Sviluppo/github.com/sensorario/bricks-api/vendor/phpunit/phpunit/src/Framework/TestResult.php(686): PHPUnit_Framework_TestCase->runBare() #11 /Volumes/Sviluppo/github.com/sensorario/bricks-api/vendor/phpunit/phpunit/src/Framework/TestCase.php(800): PHPUnit_Framework_TestResult->run(Object(YourApp\Tests\InvalidRequestTest)) #12 /Volumes/Sviluppo/github.com/sensorario/bricks-api/vendor/phpunit/phpunit/src/Framework/TestSuite.php(747): PHPUnit_Framework_TestCase->run(Object(PHPUnit_Framework_TestResult)) #13 /Volumes/Sviluppo/github.com/sensorario/bricks-api/vendor/phpunit/phpunit/src/Framework/TestSuite.php(747): PHPUnit_Framework_TestSuite->run(Object(PHPUnit_Framework_TestResult)) #14 /Volumes/Sviluppo/github.com/sensorario/bricks-api/vendor/phpunit/phpunit/src/TextUI/TestRunner.php(436): PHPUnit_Framework_TestSuite->run(Object(PHPUnit_Framework_TestResult)) #15 /Volumes/Sviluppo/github.com/sensorario/bricks-api/vendor/phpunit/phpunit/src/TextUI/Command.php(158): PHPUnit_TextUI_TestRunner->doRun(Object(PHPUnit_Framework_TestSuite), Array, true) #16 /Volumes/Sviluppo/github.com/sensorario/bricks-api/vendor/phpunit/phpunit/src/TextUI/Command.php(109): PHPUnit_TextUI_Command->run(Array, true) #17 /Volumes/Sviluppo/github.com/sensorario/bricks-api/vendor/phpunit/phpunit/phpunit(47): PHPUnit_TextUI_Command::main() #18 {main} [] []
[2016-03-19 18:01:42] bricks_logger.WARNING: No route found for "POST /set/" [] []
[2016-03-19 18:01:42] bricks_logger.WARNING: #0 [internal function]: Symfony\Component\HttpKernel\EventListener\RouterListener->onKernelRequest(Object(Symfony\Component\HttpKernel\Event\GetResponseEvent), 'kernel.request', Object(Symfony\Component\EventDispatcher\EventDispatcher)) #1 /Volumes/Sviluppo/github.com/sensorario/bricks-api/vendor/symfony/event-dispatcher/EventDispatcher.php(181): call_user_func(Array, Object(Symfony\Component\HttpKernel\Event\GetResponseEvent), 'kernel.request', Object(Symfony\Component\EventDispatcher\EventDispatcher)) #2 /Volumes/Sviluppo/github.com/sensorario/bricks-api/vendor/symfony/event-dispatcher/EventDispatcher.php(46): Symfony\Component\EventDispatcher\EventDispatcher->doDispatch(Array, 'kernel.request', Object(Symfony\Component\HttpKernel\Event\GetResponseEvent)) #3 /Volumes/Sviluppo/github.com/sensorario/bricks-api/vendor/symfony/http-kernel/HttpKernel.php(120): Symfony\Component\EventDispatcher\EventDispatcher->dispatch('kernel.request', Object(Symfony\Component\HttpKernel\Event\GetResponseEvent)) #4 /Volumes/Sviluppo/github.com/sensorario/bricks-api/vendor/symfony/http-kernel/HttpKernel.php(62): Symfony\Component\HttpKernel\HttpKernel->handleRaw(Object(Symfony\Component\HttpFoundation\Request), 1) #5 /Volumes/Sviluppo/github.com/sensorario/bricks-api/vendor/silex/silex/src/Silex/Application.php(586): Symfony\Component\HttpKernel\HttpKernel->handle(Object(Symfony\Component\HttpFoundation\Request), 1, true) #6 /Volumes/Sviluppo/github.com/sensorario/bricks-api/vendor/symfony/http-kernel/Client.php(79): Silex\Application->handle(Object(Symfony\Component\HttpFoundation\Request)) #7 /Volumes/Sviluppo/github.com/sensorario/bricks-api/vendor/symfony/browser-kit/Client.php(315): Symfony\Component\HttpKernel\Client->doRequest(Object(Symfony\Component\HttpFoundation\Request)) #8 /Volumes/Sviluppo/github.com/sensorario/bricks-api/tests/functional/SetCreationTest.php(45): Symfony\Component\BrowserKit\Client->request('POST', '/set/', Array) #9 [internal function]: Bricks\Services\SetCreationTest->testAfterPostFileMustExists() #10 /Volumes/Sviluppo/github.com/sensorario/bricks-api/vendor/phpunit/phpunit/src/Framework/TestCase.php(984): ReflectionMethod->invokeArgs(Object(Bricks\Services\SetCreationTest), Array) #11 /Volumes/Sviluppo/github.com/sensorario/bricks-api/vendor/phpunit/phpunit/src/Framework/TestCase.php(844): PHPUnit_Framework_TestCase->runTest() #12 /Volumes/Sviluppo/github.com/sensorario/bricks-api/vendor/phpunit/phpunit/src/Framework/TestResult.php(686): PHPUnit_Framework_TestCase->runBare() #13 /Volumes/Sviluppo/github.com/sensorario/bricks-api/vendor/phpunit/phpunit/src/Framework/TestCase.php(800): PHPUnit_Framework_TestResult->run(Object(Bricks\Services\SetCreationTest)) #14 /Volumes/Sviluppo/github.com/sensorario/bricks-api/vendor/phpunit/phpunit/src/Framework/TestSuite.php(747): PHPUnit_Framework_TestCase->run(Object(PHPUnit_Framework_TestResult)) #15 /Volumes/Sviluppo/github.com/sensorario/bricks-api/vendor/phpunit/phpunit/src/Framework/TestSuite.php(747): PHPUnit_Framework_TestSuite->run(Object(PHPUnit_Framework_TestResult)) #16 /Volumes/Sviluppo/github.com/sensorario/bricks-api/vendor/phpunit/phpunit/src/TextUI/TestRunner.php(436): PHPUnit_Framework_TestSuite->run(Object(PHPUnit_Framework_TestResult)) #17 /Volumes/Sviluppo/github.com/sensorario/bricks-api/vendor/phpunit/phpunit/src/TextUI/Command.php(158): PHPUnit_TextUI_TestRunner->doRun(Object(PHPUnit_Framework_TestSuite), Array, true) #18 /Volumes/Sviluppo/github.com/sensorario/bricks-api/vendor/phpunit/phpunit/src/TextUI/Command.php(109): PHPUnit_TextUI_Command->run(Array, true) #19 /Volumes/Sviluppo/github.com/sensorario/bricks-api/vendor/phpunit/phpunit/phpunit(47): PHPUnit_TextUI_Command::main() #20 {main} [] []
[2016-03-19 19:01:43] bricks_logger.WARNING: No route found for "GET /api/v1/some-invalid-url" [] []
[2016-03-19 19:01:43] bricks_logger.WARNING: #0 [internal function]: Symfony\Component\HttpKernel\EventListener\RouterListener->onKernelRequest(Object(Symfony\Component\HttpKernel\Event\GetResponseEvent), 'kernel.request', Object(Symfony\Component\EventDispatcher\EventDispatcher)) #1 /Volumes/Sviluppo/github.com/sensorario/bricks-api/vendor/symfony/event-dispatcher/EventDispatcher.php(181): call_user_func(Array, Object(Symfony\Component\HttpKernel\Event\GetResponseEvent), 'kernel.request', Object(Symfony\Component\EventDispatcher\EventDispatcher)) #2 /Volumes/Sviluppo/github.com/sensorario/bricks-api/vendor/symfony/event-dispatcher/EventDispatcher.php(46): Symfony\Component\EventDispatcher\EventDispatcher->doDispatch(Array, 'kernel.request', Object(Symfony\Component\HttpKernel\Event\GetResponseEvent)) #3 /Volumes/Sviluppo/github.com/sensorario/bricks-api/vendor/symfony/http-kernel/HttpKernel.php(120): Symfony\Component\EventDispatcher\EventDispatcher->dispatch('kernel.request', Object(Symfony\Component\HttpKernel\Event\GetResponseEvent)) #4 /Volumes/Sviluppo/github.com/sensorario/bricks-api/vendor/symfony/http-kernel/HttpKernel.php(62): Symfony\Component\HttpKernel\HttpKernel->handleRaw(Object(Symfony\Component\HttpFoundation\Request), 1) #5 /Volumes/Sviluppo/github.com/sensorario/bricks-api/vendor/silex/silex/src/Silex/Application.php(586): Symfony\Component\HttpKernel\HttpKernel->handle(Object(Symfony\Component\HttpFoundation\Request), 1, true) #6 /Volumes/Sviluppo/github.com/sensorario/bricks-api/vendor/silex/silex/src/Silex/Application.php(563): Silex\Application->handle(Object(Symfony\Component\HttpFoundation\Request)) #7 /Volumes/Sviluppo/github.com/sensorario/bricks-api/web/index.php(12): Silex\Application->run() #8 {main} [] []
[2016-03-19 18:02:21] bricks_logger.WARNING: No route found for "GET /invalid-request" [] []
[2016-03-19 18:02:21] bricks_logger.WARNING: #0 [internal function]: Symfony\Component\HttpKernel\EventListener\RouterListener->onKernelRequest(Object(Symfony\Component\HttpKernel\Event\GetResponseEvent), 'kernel.request', Object(Symfony\Component\EventDispatcher\EventDispatcher)) #1 /Volumes/Sviluppo/github.com/sensorario/bricks-api/vendor/symfony/event-dispatcher/EventDispatcher.php(181): call_user_func(Array, Object(Symfony\Component\HttpKernel\Event\GetResponseEvent), 'kernel.request', Object(Symfony\Component\EventDispatcher\EventDispatcher)) #2 /Volumes/Sviluppo/github.com/sensorario/bricks-api/vendor/symfony/event-dispatcher/EventDispatcher.php(46): Symfony\Component\EventDispatcher\EventDispatcher->doDispatch(Array, 'kernel.request', Object(Symfony\Component\HttpKernel\Event\GetResponseEvent)) #3 /Volumes/Sviluppo/github.com/sensorario/bricks-api/vendor/symfony/http-kernel/HttpKernel.php(120): Symfony\Component\EventDispatcher\EventDispatcher->dispatch('kernel.request', Object(Symfony\Component\HttpKernel\Event\GetResponseEvent)) #4 /Volumes/Sviluppo/github.com/sensorario/bricks-api/vendor/symfony/http-kernel/HttpKernel.php(62): Symfony\Component\HttpKernel\HttpKernel->handleRaw(Object(Symfony\Component\HttpFoundation\Request), 1) #5 /Volumes/Sviluppo/github.com/sensorario/bricks-api/vendor/silex/silex/src/Silex/Application.php(586): Symfony\Component\HttpKernel\HttpKernel->handle(Object(Symfony\Component\HttpFoundation\Request), 1, true) #6 /Volumes/Sviluppo/github.com/sensorario/bricks-api/vendor/symfony/http-kernel/Client.php(79): Silex\Application->handle(Object(Symfony\Component\HttpFoundation\Request)) #7 /Volumes/Sviluppo/github.com/sensorario/bricks-api/vendor/symfony/browser-kit/Client.php(315): Symfony\Component\HttpKernel\Client->doRequest(Object(Symfony\Component\HttpFoundation\Request)) #8 /Volumes/Sviluppo/github.com/sensorario/bricks-api/tests/functional/InvalidRequestTest.php(20): Symfony\Component\BrowserKit\Client->request('GET', '/invalid-reques...') #9 /Volumes/Sviluppo/github.com/sensorario/bricks-api/vendor/phpunit/phpunit/src/Framework/TestCase.php(840): YourApp\Tests\InvalidRequestTest->setUp() #10 /Volumes/Sviluppo/github.com/sensorario/bricks-api/vendor/phpunit/phpunit/src/Framework/TestResult.php(686): PHPUnit_Framework_TestCase->runBare() #11 /Volumes/Sviluppo/github.com/sensorario/bricks-api/vendor/phpunit/phpunit/src/Framework/TestCase.php(800): PHPUnit_Framework_TestResult->run(Object(YourApp\Tests\InvalidRequestTest)) #12 /Volumes/Sviluppo/github.com/sensorario/bricks-api/vendor/phpunit/phpunit/src/Framework/TestSuite.php(747): PHPUnit_Framework_TestCase->run(Object(PHPUnit_Framework_TestResult)) #13 /Volumes/Sviluppo/github.com/sensorario/bricks-api/vendor/phpunit/phpunit/src/Framework/TestSuite.php(747): PHPUnit_Framework_TestSuite->run(Object(PHPUnit_Framework_TestResult)) #14 /Volumes/Sviluppo/github.com/sensorario/bricks-api/vendor/phpunit/phpunit/src/TextUI/TestRunner.php(436): PHPUnit_Framework_TestSuite->run(Object(PHPUnit_Framework_TestResult)) #15 /Volumes/Sviluppo/github.com/sensorario/bricks-api/vendor/phpunit/phpunit/src/TextUI/Command.php(158): PHPUnit_TextUI_TestRunner->doRun(Object(PHPUnit_Framework_TestSuite), Array, true) #16 /Volumes/Sviluppo/github.com/sensorario/bricks-api/vendor/phpunit/phpunit/src/TextUI/Command.php(109): PHPUnit_TextUI_Command->run(Array, true) #17 /Volumes/Sviluppo/github.com/sensorario/bricks-api/vendor/phpunit/phpunit/phpunit(47): PHPUnit_TextUI_Command::main() #18 {main} [] []
[2016-03-19 18:02:21] bricks_logger.WARNING: No route found for "GET /invalid-request" [] []
[2016-03-19 18:02:21] bricks_logger.WARNING: #0 [internal function]: Symfony\Component\HttpKernel\EventListener\RouterListener->onKernelRequest(Object(Symfony\Component\HttpKernel\Event\GetResponseEvent), 'kernel.request', Object(Symfony\Component\EventDispatcher\EventDispatcher)) #1 /Volumes/Sviluppo/github.com/sensorario/bricks-api/vendor/symfony/event-dispatcher/EventDispatcher.php(181): call_user_func(Array, Object(Symfony\Component\HttpKernel\Event\GetResponseEvent), 'kernel.request', Object(Symfony\Component\EventDispatcher\EventDispatcher)) #2 /Volumes/Sviluppo/github.com/sensorario/bricks-api/vendor/symfony/event-dispatcher/EventDispatcher.php(46): Symfony\Component\EventDispatcher\EventDispatcher->doDispatch(Array, 'kernel.request', Object(Symfony\Component\HttpKernel\Event\GetResponseEvent)) #3 /Volumes/Sviluppo/github.com/sensorario/bricks-api/vendor/symfony/http-kernel/HttpKernel.php(120): Symfony\Component\EventDispatcher\EventDispatcher->dispatch('kernel.request', Object(Symfony\Component\HttpKernel\Event\GetResponseEvent)) #4 /Volumes/Sviluppo/github.com/sensorario/bricks-api/vendor/symfony/http-kernel/HttpKernel.php(62): Symfony\Component\HttpKernel\HttpKernel->handleRaw(Object(Symfony\Component\HttpFoundation\Request), 1) #5 /Volumes/Sviluppo/github.com/sensorario/bricks-api/vendor/silex/silex/src/Silex/Application.php(586): Symfony\Component\HttpKernel\HttpKernel->handle(Object(Symfony\Component\HttpFoundation\Request), 1, true) #6 /Volumes/Sviluppo/github.com/sensorario/bricks-api/vendor/symfony/http-kernel/Client.php(79): Silex\Application->handle(Object(Symfony\Component\HttpFoundation\Request)) #7 /Volumes/Sviluppo/github.com/sensorario/bricks-api/vendor/symfony/browser-kit/Client.php(315): Symfony\Component\HttpKernel\Client->doRequest(Object(Symfony\Component\HttpFoundation\Request)) #8 /Volumes/Sviluppo/github.com/sensorario/bricks-api/tests/functional/InvalidRequestTest.php(20): Symfony\Component\BrowserKit\Client->request('GET', '/invalid-reques...') #9 /Volumes/Sviluppo/github.com/sensorario/bricks-api/vendor/phpunit/phpunit/src/Framework/TestCase.php(840): YourApp\Tests\InvalidRequestTest->setUp() #10 /Volumes/Sviluppo/github.com/sensorario/bricks-api/vendor/phpunit/phpunit/src/Framework/TestResult.php(686): PHPUnit_Framework_TestCase->runBare() #11 /Volumes/Sviluppo/github.com/sensorario/bricks-api/vendor/phpunit/phpunit/src/Framework/TestCase.php(800): PHPUnit_Framework_TestResult->run(Object(YourApp\Tests\InvalidRequestTest)) #12 /Volumes/Sviluppo/github.com/sensorario/bricks-api/vendor/phpunit/phpunit/src/Framework/TestSuite.php(747): PHPUnit_Framework_TestCase->run(Object(PHPUnit_Framework_TestResult)) #13 /Volumes/Sviluppo/github.com/sensorario/bricks-api/vendor/phpunit/phpunit/src/Framework/TestSuite.php(747): PHPUnit_Framework_TestSuite->run(Object(PHPUnit_Framework_TestResult)) #14 /Volumes/Sviluppo/github.com/sensorario/bricks-api/vendor/phpunit/phpunit/src/TextUI/TestRunner.php(436): PHPUnit_Framework_TestSuite->run(Object(PHPUnit_Framework_TestResult)) #15 /Volumes/Sviluppo/github.com/sensorario/bricks-api/vendor/phpunit/phpunit/src/TextUI/Command.php(158): PHPUnit_TextUI_TestRunner->doRun(Object(PHPUnit_Framework_TestSuite), Array, true) #16 /Volumes/Sviluppo/github.com/sensorario/bricks-api/vendor/phpunit/phpunit/src/TextUI/Command.php(109): PHPUnit_TextUI_Command->run(Array, true) #17 /Volumes/Sviluppo/github.com/sensorario/bricks-api/vendor/phpunit/phpunit/phpunit(47): PHPUnit_TextUI_Command::main() #18 {main} [] []
[2016-03-19 18:02:21] bricks_logger.WARNING: No route found for "POST /set/" [] []
[2016-03-19 18:02:21] bricks_logger.WARNING: #0 [internal function]: Symfony\Component\HttpKernel\EventListener\RouterListener->onKernelRequest(Object(Symfony\Component\HttpKernel\Event\GetResponseEvent), 'kernel.request', Object(Symfony\Component\EventDispatcher\EventDispatcher)) #1 /Volumes/Sviluppo/github.com/sensorario/bricks-api/vendor/symfony/event-dispatcher/EventDispatcher.php(181): call_user_func(Array, Object(Symfony\Component\HttpKernel\Event\GetResponseEvent), 'kernel.request', Object(Symfony\Component\EventDispatcher\EventDispatcher)) #2 /Volumes/Sviluppo/github.com/sensorario/bricks-api/vendor/symfony/event-dispatcher/EventDispatcher.php(46): Symfony\Component\EventDispatcher\EventDispatcher->doDispatch(Array, 'kernel.request', Object(Symfony\Component\HttpKernel\Event\GetResponseEvent)) #3 /Volumes/Sviluppo/github.com/sensorario/bricks-api/vendor/symfony/http-kernel/HttpKernel.php(120): Symfony\Component\EventDispatcher\EventDispatcher->dispatch('kernel.request', Object(Symfony\Component\HttpKernel\Event\GetResponseEvent)) #4 /Volumes/Sviluppo/github.com/sensorario/bricks-api/vendor/symfony/http-kernel/HttpKernel.php(62): Symfony\Component\HttpKernel\HttpKernel->handleRaw(Object(Symfony\Component\HttpFoundation\Request), 1) #5 /Volumes/Sviluppo/github.com/sensorario/bricks-api/vendor/silex/silex/src/Silex/Application.php(586): Symfony\Component\HttpKernel\HttpKernel->handle(Object(Symfony\Component\HttpFoundation\Request), 1, true) #6 /Volumes/Sviluppo/github.com/sensorario/bricks-api/vendor/symfony/http-kernel/Client.php(79): Silex\Application->handle(Object(Symfony\Component\HttpFoundation\Request)) #7 /Volumes/Sviluppo/github.com/sensorario/bricks-api/vendor/symfony/browser-kit/Client.php(315): Symfony\Component\HttpKernel\Client->doRequest(Object(Symfony\Component\HttpFoundation\Request)) #8 /Volumes/Sviluppo/github.com/sensorario/bricks-api/tests/functional/SetCreationTest.php(45): Symfony\Component\BrowserKit\Client->request('POST', '/set/', Array) #9 [internal function]: Bricks\Services\SetCreationTest->testAfterPostFileMustExists() #10 /Volumes/Sviluppo/github.com/sensorario/bricks-api/vendor/phpunit/phpunit/src/Framework/TestCase.php(984): ReflectionMethod->invokeArgs(Object(Bricks\Services\SetCreationTest), Array) #11 /Volumes/Sviluppo/github.com/sensorario/bricks-api/vendor/phpunit/phpunit/src/Framework/TestCase.php(844): PHPUnit_Framework_TestCase->runTest() #12 /Volumes/Sviluppo/github.com/sensorario/bricks-api/vendor/phpunit/phpunit/src/Framework/TestResult.php(686): PHPUnit_Framework_TestCase->runBare() #13 /Volumes/Sviluppo/github.com/sensorario/bricks-api/vendor/phpunit/phpunit/src/Framework/TestCase.php(800): PHPUnit_Framework_TestResult->run(Object(Bricks\Services\SetCreationTest)) #14 /Volumes/Sviluppo/github.com/sensorario/bricks-api/vendor/phpunit/phpunit/src/Framework/TestSuite.php(747): PHPUnit_Framework_TestCase->run(Object(PHPUnit_Framework_TestResult)) #15 /Volumes/Sviluppo/github.com/sensorario/bricks-api/vendor/phpunit/phpunit/src/Framework/TestSuite.php(747): PHPUnit_Framework_TestSuite->run(Object(PHPUnit_Framework_TestResult)) #16 /Volumes/Sviluppo/github.com/sensorario/bricks-api/vendor/phpunit/phpunit/src/TextUI/TestRunner.php(436): PHPUnit_Framework_TestSuite->run(Object(PHPUnit_Framework_TestResult)) #17 /Volumes/Sviluppo/github.com/sensorario/bricks-api/vendor/phpunit/phpunit/src/TextUI/Command.php(158): PHPUnit_TextUI_TestRunner->doRun(Object(PHPUnit_Framework_TestSuite), Array, true) #18 /Volumes/Sviluppo/github.com/sensorario/bricks-api/vendor/phpunit/phpunit/src/TextUI/Command.php(109): PHPUnit_TextUI_Command->run(Array, true) #19 /Volumes/Sviluppo/github.com/sensorario/bricks-api/vendor/phpunit/phpunit/phpunit(47): PHPUnit_TextUI_Command::main() #20 {main} [] []
[2016-03-19 19:02:22] bricks_logger.WARNING: No route found for "GET /api/v1/some-invalid-url" [] []
[2016-03-19 19:02:22] bricks_logger.WARNING: #0 [internal function]: Symfony\Component\HttpKernel\EventListener\RouterListener->onKernelRequest(Object(Symfony\Component\HttpKernel\Event\GetResponseEvent), 'kernel.request', Object(Symfony\Component\EventDispatcher\EventDispatcher)) #1 /Volumes/Sviluppo/github.com/sensorario/bricks-api/vendor/symfony/event-dispatcher/EventDispatcher.php(181): call_user_func(Array, Object(Symfony\Component\HttpKernel\Event\GetResponseEvent), 'kernel.request', Object(Symfony\Component\EventDispatcher\EventDispatcher)) #2 /Volumes/Sviluppo/github.com/sensorario/bricks-api/vendor/symfony/event-dispatcher/EventDispatcher.php(46): Symfony\Component\EventDispatcher\EventDispatcher->doDispatch(Array, 'kernel.request', Object(Symfony\Component\HttpKernel\Event\GetResponseEvent)) #3 /Volumes/Sviluppo/github.com/sensorario/bricks-api/vendor/symfony/http-kernel/HttpKernel.php(120): Symfony\Component\EventDispatcher\EventDispatcher->dispatch('kernel.request', Object(Symfony\Component\HttpKernel\Event\GetResponseEvent)) #4 /Volumes/Sviluppo/github.com/sensorario/bricks-api/vendor/symfony/http-kernel/HttpKernel.php(62): Symfony\Component\HttpKernel\HttpKernel->handleRaw(Object(Symfony\Component\HttpFoundation\Request), 1) #5 /Volumes/Sviluppo/github.com/sensorario/bricks-api/vendor/silex/silex/src/Silex/Application.php(586): Symfony\Component\HttpKernel\HttpKernel->handle(Object(Symfony\Component\HttpFoundation\Request), 1, true) #6 /Volumes/Sviluppo/github.com/sensorario/bricks-api/vendor/silex/silex/src/Silex/Application.php(563): Silex\Application->handle(Object(Symfony\Component\HttpFoundation\Request)) #7 /Volumes/Sviluppo/github.com/sensorario/bricks-api/web/index.php(12): Silex\Application->run() #8 {main} [] []
